Using pre-set license
Built from '2020.3/release' branch; Version is '2020.3.15f2 (6cf78cb77498) revision 7141260'; Using compiler version '192528614'; Build Type 'Release'
OS: 'Windows 10 Home; OS build 22000.613; Version 2009; 64bit' Language: 'en' Physical Memory: 32694 MB
BatchMode: 1, IsHumanControllingUs: 0, StartBugReporterOnCrash: 0, Is64bit: 1, IsPro: 0

 COMMAND LINE ARGUMENTS:
G:\Programs\Unity\Editors\2020.3.15f2\Editor\Unity.exe
-adb2
-batchMode
-noUpm
-name
AssetImportWorker0
-projectPath
C:/Users/latim/Documents/GitHub/VRms-Unity/3D VR arms
-logFile
Logs/AssetImportWorker0.log
-srvPort
61982
Successfully changed project path to: C:/Users/latim/Documents/GitHub/VRms-Unity/3D VR arms
C:/Users/latim/Documents/GitHub/VRms-Unity/3D VR arms
Using Asset Import Pipeline V2.
Refreshing native plugins compatible for Editor in 159.25 ms, found 22 plugins.
Preloading 3 native plugins for Editor in 5.42 ms.
Initialize engine version: 2020.3.15f2 (6cf78cb77498)
[Subsystems] Discovering subsystems at path G:/Programs/Unity/Editors/2020.3.15f2/Editor/Data/Resources/UnitySubsystems
[Subsystems] Discovering subsystems at path C:/Users/latim/Documents/GitHub/VRms-Unity/3D VR arms/Assets
GfxDevice: creating device client; threaded=0
Direct3D:
    Version:  Direct3D 11.0 [level 11.1]
    Renderer: NVIDIA GeForce GTX 1080 (ID=0x1b80)
    Vendor:   
    VRAM:     8079 MB
    Driver:   30.0.15.1259
Shader 'Oculus/OVRMRCameraFrameLit': fallback shader 'Alpha-Diffuse' not found
Initialize mono
Mono path[0] = 'G:/Programs/Unity/Editors/2020.3.15f2/Editor/Data/Managed'
Mono path[1] = 'G:/Programs/Unity/Editors/2020.3.15f2/Editor/Data/MonoBleedingEdge/lib/mono/unityjit'
Mono config path = 'G:/Programs/Unity/Editors/2020.3.15f2/Editor/Data/MonoBleedingEdge/etc'
Using monoOptions --debugger-agent=transport=dt_socket,embedding=1,server=y,suspend=n,address=127.0.0.1:56576
Begin MonoManager ReloadAssembly
Registering precompiled unity dll's ...
Register platform support module: G:/Programs/Unity/Editors/2020.3.15f2/Editor/Data/PlaybackEngines/WindowsStandaloneSupport/UnityEditor.WindowsStandalone.Extensions.dll
Registered in 0.000559 seconds.
Native extension for WindowsStandalone target not found
Refreshing native plugins compatible for Editor in 126.83 ms, found 22 plugins.
Preloading 3 native plugins for Editor in 0.13 ms.
Mono: successfully reloaded assembly
- Completed reload, in  0.961 seconds
Domain Reload Profiling:
	ReloadAssembly (961ms)
		BeginReloadAssembly (31ms)
			ExecutionOrderSort (0ms)
			DisableScriptedObjects (0ms)
			BackupInstance (0ms)
			ReleaseScriptingObjects (0ms)
			CreateAndSetChildDomain (1ms)
		EndReloadAssembly (367ms)
			LoadAssemblies (30ms)
			RebuildTransferFunctionScriptingTraits (0ms)
			SetupTypeCache (91ms)
			ReleaseScriptCaches (0ms)
			RebuildScriptCaches (17ms)
			SetupLoadedEditorAssemblies (205ms)
				LogAssemblyErrors (0ms)
				InitializePlatformSupportModulesInManaged (2ms)
				SetLoadedEditorAssemblies (0ms)
				RefreshPlugins (127ms)
				BeforeProcessingInitializeOnLoad (4ms)
				ProcessInitializeOnLoadAttributes (52ms)
				ProcessInitializeOnLoadMethodAttributes (18ms)
				AfterProcessingInitializeOnLoad (0ms)
				EditorAssembliesLoaded (0ms)
			ExecutionOrderSort2 (0ms)
			AwakeInstancesAfterBackupRestoration (0ms)
Platform modules already initialized, skipping
Registering precompiled user dll's ...
Registered in 0.012183 seconds.
Begin MonoManager ReloadAssembly
Symbol file LoadedFromMemory doesn't match image C:\Users\latim\Documents\GitHub\VRms-Unity\3D VR arms\Library\PackageCache\com.unity.visualscripting@1.6.1\Editor\VisualScripting.Core\Dependencies\DotNetZip\Unity.VisualScripting.IonicZip.dll
Symbol file LoadedFromMemory doesn't match image C:\Users\latim\Documents\GitHub\VRms-Unity\3D VR arms\Library\PackageCache\com.unity.visualscripting@1.6.1\Editor\VisualScripting.Core\Dependencies\YamlDotNet\Unity.VisualScripting.YamlDotNet.dll
Native extension for WindowsStandalone target not found
Refreshing native plugins compatible for Editor in 123.38 ms, found 22 plugins.
Preloading 3 native plugins for Editor in 0.13 ms.
Microsoft has transitioned support of Windows MR devices to OpenXR in Unity 2021, and recommends using Unity's OpenXR plugin. As such, this Windows XR plugin is marked as deprecated and will be removed in the 2021.2 release. It will continue to be supported in the 2020 LTS.
UnityEngine.StackTraceUtility:ExtractStackTrace ()
UnityEngine.DebugLogHandler:LogFormat (UnityEngine.LogType,UnityEngine.Object,string,object[])
UnityEngine.Logger:Log (UnityEngine.LogType,object)
UnityEngine.Debug:LogWarning (object)
UnityEditor.XR.WindowsMR.XRPackage:.cctor () (at Library/PackageCache/com.unity.xr.windowsmr@5.3.0/Editor/WindowsMRPackageMetadata.cs:27)
System.Reflection.MonoCMethod:InternalInvoke (object,object[])
System.RuntimeType:CreateInstanceMono (bool)
System.RuntimeType:CreateInstanceSlow (bool,bool,bool,System.Threading.StackCrawlMark&)
System.RuntimeType:CreateInstanceDefaultCtor (bool,bool,bool,System.Threading.StackCrawlMark&)
System.Activator:CreateInstance (System.Type,bool)
System.Activator:CreateInstance (System.Type)
UnityEditor.XR.Management.XRPackageInitializationBootstrap:BeginPackageInitialization () (at Library/PackageCache/com.unity.xr.management@4.0.6/Editor/XRPackageInitialization.cs:81)
UnityEditor.XR.Management.XRPackageInitializationBootstrap:.cctor () (at Library/PackageCache/com.unity.xr.management@4.0.6/Editor/XRPackageInitialization.cs:50)
System.Runtime.CompilerServices.RuntimeHelpers:RunClassConstructor (System.RuntimeTypeHandle)
UnityEditor.EditorAssemblies:ProcessInitializeOnLoadAttributes (System.Type[])

(Filename: Library/PackageCache/com.unity.xr.windowsmr@5.3.0/Editor/WindowsMRPackageMetadata.cs Line: 27)

[XR] OculusXRPlugin: registering subsystems
[XR] Unable to register display lifecyle provider: [1]
[XR] Oculus Input lifecycle provider registered.
[XR] Unable to register input lifecyle provider: [1]
[XR] OVRP version 1.69.0
Mono: successfully reloaded assembly
- Completed reload, in  1.314 seconds
Domain Reload Profiling:
	ReloadAssembly (1315ms)
		BeginReloadAssembly (88ms)
			ExecutionOrderSort (0ms)
			DisableScriptedObjects (3ms)
			BackupInstance (0ms)
			ReleaseScriptingObjects (0ms)
			CreateAndSetChildDomain (15ms)
		EndReloadAssembly (1187ms)
			LoadAssemblies (68ms)
			RebuildTransferFunctionScriptingTraits (0ms)
			SetupTypeCache (258ms)
			ReleaseScriptCaches (1ms)
			RebuildScriptCaches (52ms)
			SetupLoadedEditorAssemblies (719ms)
				LogAssemblyErrors (0ms)
				InitializePlatformSupportModulesInManaged (2ms)
				SetLoadedEditorAssemblies (0ms)
				RefreshPlugins (124ms)
				BeforeProcessingInitializeOnLoad (79ms)
				ProcessInitializeOnLoadAttributes (502ms)
				ProcessInitializeOnLoadMethodAttributes (11ms)
				AfterProcessingInitializeOnLoad (1ms)
				EditorAssembliesLoaded (0ms)
			ExecutionOrderSort2 (0ms)
			AwakeInstancesAfterBackupRestoration (4ms)
Platform modules already initialized, skipping
========================================================================
Worker process is ready to serve import requests
Shader 'Oculus/OVRMRCameraFrameLit': fallback shader 'Alpha-Diffuse' not found
Launched and connected shader compiler UnityShaderCompiler.exe after 0.04 seconds
Refreshing native plugins compatible for Editor in 1.95 ms, found 22 plugins.
Preloading 3 native plugins for Editor in 0.13 ms.
Unloading 5739 Unused Serialized files (Serialized files now loaded: 0)
System memory in use before: 228.3 MB.
System memory in use after: 228.7 MB.

Unloading 276 unused Assets to reduce memory usage. Loaded Objects now: 6099.
Total: 3.327900 ms (FindLiveObjects: 0.465200 ms CreateObjectMapping: 0.172600 ms MarkObjects: 2.452700 ms  DeleteObjects: 0.236100 ms)

AssetImportParameters requested are different than current active one (requested -> active):
  custom:framework-win-MediaFoundation: 216162199b28c13a410421893ffa2e32 -> 
  custom:video-decoder-ogg-theora: a1e56fd34408186e4bbccfd4996cb3dc -> 
  custom:container-muxer-webm: aa71ff27fc2769a1b78a27578f13a17b -> 
  custom:container-demuxer-webm: 4f35f7cbe854078d1ac9338744f61a02 -> 
  custom:container-demuxer-ogg: 62fdf1f143b41e24485cea50d1cbac27 -> 
  custom:video-encoder-webm-vp8: eb34c28f22e8b96e1ab97ce403110664 -> 
  custom:video-codec-MediaFoundation-h265: 746d11721c4dcdbdad8f713fa42b33f4 -> 
  custom:video-decoder-webm-vp8: 9c59270c3fd7afecdb556c50c9e8de78 -> 
  custom:audio-decoder-ogg-vorbis: bf7c407c2cedff20999df2af8eb42d56 -> 
  custom:audio-encoder-webm-vorbis: bf7c407c2cedff20999df2af8eb42d56 -> 
========================================================================
Received Import Request.
  path: Assets/Plugins/Android/audio360-exo28.jar
  artifactKey: Guid(42c230d24a7133d4aa94e4854714f9d6) Importer(815301076,1909f56bfc062723c751e8b465ee728b)
Start importing Assets/Plugins/Android/audio360-exo28.jar using Guid(42c230d24a7133d4aa94e4854714f9d6) Importer(815301076,1909f56bfc062723c751e8b465ee728b)  -> (artifact id: 'b67b252978ede5ec76fa5ee08d291458') in 0.045315 seconds 
  Import took 0.053083 seconds .

========================================================================
Received Import Request.
  Time since last request: 0.000164 seconds.
  path: Assets/Plugins/Android/exoplayer2-dash.jar
  artifactKey: Guid(0a43b36d4b9ec8045b3205296c60d0a1) Importer(815301076,1909f56bfc062723c751e8b465ee728b)
Start importing Assets/Plugins/Android/exoplayer2-dash.jar using Guid(0a43b36d4b9ec8045b3205296c60d0a1) Importer(815301076,1909f56bfc062723c751e8b465ee728b)  -> (artifact id: '8d6c33e04bb6f22576061e7d106b87b8') in 0.005366 seconds 
  Import took 0.012148 seconds .

========================================================================
Received Import Request.
  Time since last request: 8.904361 seconds.
  path: Assets/Plugins/Android/exoplayer2-hls.jar
  artifactKey: Guid(082926d418d38124bbbfd07ddc16bc39) Importer(815301076,1909f56bfc062723c751e8b465ee728b)
Start importing Assets/Plugins/Android/exoplayer2-hls.jar using Guid(082926d418d38124bbbfd07ddc16bc39) Importer(815301076,1909f56bfc062723c751e8b465ee728b)  -> (artifact id: '7b288b3b89b10aaee61e7529d50162b3') in 0.004618 seconds 
  Import took 0.013287 seconds .

========================================================================
Received Import Request.
  Time since last request: 0.424143 seconds.
  path: Assets/Plugins/Android/exoplayer2-smoothstreaming.jar
  artifactKey: Guid(c1b987a1d8499804e9e95fe44d737f68) Importer(815301076,1909f56bfc062723c751e8b465ee728b)
Start importing Assets/Plugins/Android/exoplayer2-smoothstreaming.jar using Guid(c1b987a1d8499804e9e95fe44d737f68) Importer(815301076,1909f56bfc062723c751e8b465ee728b)  -> (artifact id: '7ed8c6d2a1fc5ced6a2023c3de61bfe1') in 0.004950 seconds 
  Import took 0.014278 seconds .

========================================================================
Received Import Request.
  Time since last request: 0.319792 seconds.
  path: Assets/Plugins/Android/exoplayer2.jar
  artifactKey: Guid(28dc69f8840f7924aa3c22527419e692) Importer(815301076,1909f56bfc062723c751e8b465ee728b)
Start importing Assets/Plugins/Android/exoplayer2.jar using Guid(28dc69f8840f7924aa3c22527419e692) Importer(815301076,1909f56bfc062723c751e8b465ee728b)  -> (artifact id: '51d06c9936e3028ba7aae3c6f8eb5a21') in 0.004315 seconds 
  Import took 0.012579 seconds .

========================================================================
Received Import Request.
  Time since last request: 1.699702 seconds.
  path: Assets/Plugins/Android/assets
  artifactKey: Guid(102ba9a9d3337124485924cbcbe25c2f) Importer(815301076,1909f56bfc062723c751e8b465ee728b)
Start importing Assets/Plugins/Android/assets using Guid(102ba9a9d3337124485924cbcbe25c2f) Importer(815301076,1909f56bfc062723c751e8b465ee728b)  -> (artifact id: 'c83a92676d816623a10667596f18b31c') in 0.004502 seconds 
  Import took 0.012729 seconds .

========================================================================
Received Import Request.
  Time since last request: 0.503825 seconds.
  path: Assets/Plugins/Android/assets/Shader
  artifactKey: Guid(81ffe077049d44d4db144ec705737a4b) Importer(815301076,1909f56bfc062723c751e8b465ee728b)
Start importing Assets/Plugins/Android/assets/Shader using Guid(81ffe077049d44d4db144ec705737a4b) Importer(815301076,1909f56bfc062723c751e8b465ee728b)  -> (artifact id: '489188444a2d90c93ec4ef74d51addbc') in 0.004269 seconds 
  Import took 0.011863 seconds .

AssetImportWorkerClient::OnTransportError - code=2 error=End of file
